<?xml version="1.0" encoding="UTF-8"?>
<beans xmlns="http://www.springframework.org/schema/beans"
      xmlns:jpa="http://www.springframework.org/schema/data/jpa"
      xmlns:mvc="http://www.springframework.org/schema/mvc"
      xmlns:xsi="http://www.w3.org/2001/XMLSchema-instance"
	  xmlns:tx="http://www.springframework.org/schema/tx"
	  xmlns:context="http://www.springframework.org/schema/context"
	  xmlns:util="http://www.springframework.org/schema/util"
      xsi:schemaLocation="
       http://www.springframework.org/schema/beans
       http://www.springframework.org/schema/beans/spring-beans-4.0.xsd
	   http://www.springframework.org/schema/data/jpa
       http://www.springframework.org/schema/data/jpa/spring-jpa-1.8.xsd
       http://www.springframework.org/schema/mvc
       http://www.springframework.org/schema/mvc/spring-mvc-3.2.xsd
	   http://www.springframework.org/schema/tx
	   http://www.springframework.org/schema/tx/spring-tx-3.2.xsd
	   http://www.springframework.org/schema/context
	   http://www.springframework.org/schema/context/spring-context-4.0.xsd
	   http://www.springframework.org/schema/util
	   http://www.springframework.org/schema/util/spring-util-4.0.xsd">
    <!--
       Configures the location of static resources such as css files.
       Requires Spring Framework 3.0 or higher.
   -->
   
   <bean id="handlerMapping" class="org.springframework.web.servlet.handler.SimpleUrlHandlerMapping">
   
    <property name="mappings">
      
      
      <props>
      <prop key="testQuestionController.do"> testQuestionController</prop>
      
      
      </props>      
    </property>

</bean>
 <bean id="testQuestionController" class="com.funeral.kris.controller.TestQuestionController"></bean>


<bean class="org.springframework.web.servlet.view.UrlBasedViewResolver">
<property name="prefix" value=""></property>
<property name="suffix" value=".html"></property>
<property name="viewClass" value="org.springframework.web.servlet.view.JstlView"/> 

</bean>





</beans>